\BOOKMARK [1][-]{section.1}{\376\377\000I\000n\000t\000r\000o\000d\000u\000c\000t\000i\000o\000n\000\040\000t\000o\000\040\000t\000h\000e\000\040\000S\000t\000u\000d\000y}{}% 1
\BOOKMARK [1][-]{section.2}{\376\377\000O\000b\000j\000e\000c\000t\000i\000v\000e}{}% 2
\BOOKMARK [1][-]{section.3}{\376\377\000S\000t\000a\000t\000i\000s\000t\000i\000c\000a\000l\000\040\000A\000n\000a\000l\000y\000s\000i\000s}{}% 3
\BOOKMARK [2][-]{subsection.3.1}{\376\377\000D\000a\000t\000a\000\040\000D\000e\000s\000c\000r\000i\000p\000t\000i\000o\000n\000\040\000a\000n\000d\000\040\000P\000r\000e\000p\000r\000o\000c\000e\000s\000s\000i\000n\000g}{section.3}% 4
\BOOKMARK [3][-]{subsubsection.3.1.1}{\376\377\000V\000a\000r\000i\000a\000b\000l\000e\000\040\000D\000e\000f\000i\000n\000i\000t\000i\000o\000n\000s}{subsection.3.1}% 5
\BOOKMARK [3][-]{subsubsection.3.1.2}{\376\377\000D\000a\000t\000a\000\040\000Q\000u\000a\000l\000i\000t\000y\000\040\000A\000s\000s\000e\000s\000s\000m\000e\000n\000t}{subsection.3.1}% 6
\BOOKMARK [2][-]{subsection.3.2}{\376\377\000E\000x\000p\000l\000o\000r\000a\000t\000o\000r\000y\000\040\000D\000a\000t\000a\000\040\000A\000n\000a\000l\000y\000s\000i\000s}{section.3}% 7
\BOOKMARK [3][-]{subsubsection.3.2.1}{\376\377\000U\000n\000i\000v\000a\000r\000i\000a\000t\000e\000\040\000A\000n\000a\000l\000y\000s\000i\000s}{subsection.3.2}% 8
\BOOKMARK [3][-]{subsubsection.3.2.2}{\376\377\000T\000a\000r\000g\000e\000t\000\040\000V\000a\000r\000i\000a\000b\000l\000e\000\040\000A\000n\000a\000l\000y\000s\000i\000s}{subsection.3.2}% 9
\BOOKMARK [3][-]{subsubsection.3.2.3}{\376\377\000B\000i\000v\000a\000r\000i\000a\000t\000e\000\040\000A\000n\000a\000l\000y\000s\000i\000s}{subsection.3.2}% 10
\BOOKMARK [3][-]{subsubsection.3.2.4}{\376\377\000C\000o\000r\000r\000e\000l\000a\000t\000i\000o\000n\000\040\000A\000n\000a\000l\000y\000s\000i\000s}{subsection.3.2}% 11
\BOOKMARK [2][-]{subsection.3.3}{\376\377\000S\000u\000r\000v\000i\000v\000a\000l\000\040\000A\000n\000a\000l\000y\000s\000i\000s\000\040\000M\000e\000t\000h\000o\000d\000o\000l\000o\000g\000y}{section.3}% 12
\BOOKMARK [3][-]{subsubsection.3.3.1}{\376\377\000D\000a\000t\000a\000\040\000P\000r\000e\000p\000a\000r\000a\000t\000i\000o\000n\000\040\000f\000o\000r\000\040\000S\000u\000r\000v\000i\000v\000a\000l\000\040\000A\000n\000a\000l\000y\000s\000i\000s}{subsection.3.3}% 13
\BOOKMARK [3][-]{subsubsection.3.3.2}{\376\377\000F\000e\000a\000t\000u\000r\000e\000\040\000E\000n\000g\000i\000n\000e\000e\000r\000i\000n\000g}{subsection.3.3}% 14
\BOOKMARK [2][-]{subsection.3.4}{\376\377\000K\000a\000p\000l\000a\000n\000-\000M\000e\000i\000e\000r\000\040\000S\000u\000r\000v\000i\000v\000a\000l\000\040\000E\000s\000t\000i\000m\000a\000t\000i\000o\000n}{section.3}% 15
\BOOKMARK [3][-]{subsubsection.3.4.1}{\376\377\000M\000a\000t\000h\000e\000m\000a\000t\000i\000c\000a\000l\000\040\000F\000o\000r\000m\000u\000l\000a\000t\000i\000o\000n}{subsection.3.4}% 16
\BOOKMARK [3][-]{subsubsection.3.4.2}{\376\377\000O\000v\000e\000r\000a\000l\000l\000\040\000S\000u\000r\000v\000i\000v\000a\000l\000\040\000A\000n\000a\000l\000y\000s\000i\000s}{subsection.3.4}% 17
\BOOKMARK [3][-]{subsubsection.3.4.3}{\376\377\000S\000t\000r\000a\000t\000i\000f\000i\000e\000d\000\040\000S\000u\000r\000v\000i\000v\000a\000l\000\040\000A\000n\000a\000l\000y\000s\000i\000s}{subsection.3.4}% 18
\BOOKMARK [2][-]{subsection.3.5}{\376\377\000L\000o\000g\000-\000R\000a\000n\000k\000\040\000T\000e\000s\000t}{section.3}% 19
\BOOKMARK [3][-]{subsubsection.3.5.1}{\376\377\000M\000a\000t\000h\000e\000m\000a\000t\000i\000c\000a\000l\000\040\000F\000o\000r\000m\000u\000l\000a\000t\000i\000o\000n}{subsection.3.5}% 20
\BOOKMARK [3][-]{subsubsection.3.5.2}{\376\377\000L\000o\000g\000-\000R\000a\000n\000k\000\040\000T\000e\000s\000t\000\040\000R\000e\000s\000u\000l\000t\000s}{subsection.3.5}% 21
\BOOKMARK [2][-]{subsection.3.6}{\376\377\000C\000o\000x\000\040\000P\000r\000o\000p\000o\000r\000t\000i\000o\000n\000a\000l\000\040\000H\000a\000z\000a\000r\000d\000s\000\040\000R\000e\000g\000r\000e\000s\000s\000i\000o\000n}{section.3}% 22
\BOOKMARK [3][-]{subsubsection.3.6.1}{\376\377\000M\000a\000t\000h\000e\000m\000a\000t\000i\000c\000a\000l\000\040\000M\000o\000d\000e\000l}{subsection.3.6}% 23
\BOOKMARK [3][-]{subsubsection.3.6.2}{\376\377\000P\000a\000r\000t\000i\000a\000l\000\040\000L\000i\000k\000e\000l\000i\000h\000o\000o\000d}{subsection.3.6}% 24
\BOOKMARK [3][-]{subsubsection.3.6.3}{\376\377\000H\000a\000z\000a\000r\000d\000\040\000R\000a\000t\000i\000o\000\040\000I\000n\000t\000e\000r\000p\000r\000e\000t\000a\000t\000i\000o\000n}{subsection.3.6}% 25
\BOOKMARK [3][-]{subsubsection.3.6.4}{\376\377\000U\000n\000i\000v\000a\000r\000i\000a\000t\000e\000\040\000C\000o\000x\000\040\000M\000o\000d\000e\000l\000s}{subsection.3.6}% 26
\BOOKMARK [1][-]{section.4}{\376\377\000A\000n\000a\000l\000y\000s\000i\000s\000\040\000R\000e\000s\000u\000l\000t\000s}{}% 27
\BOOKMARK [2][-]{subsection.4.1}{\376\377\000D\000a\000t\000a\000\040\000Q\000u\000a\000l\000i\000t\000y\000\040\000A\000s\000s\000e\000s\000s\000m\000e\000n\000t\000\040\000R\000e\000s\000u\000l\000t\000s}{section.4}% 28
\BOOKMARK [2][-]{subsection.4.2}{\376\377\000D\000e\000s\000c\000r\000i\000p\000t\000i\000v\000e\000\040\000S\000t\000a\000t\000i\000s\000t\000i\000c\000s\000\040\000R\000e\000s\000u\000l\000t\000s}{section.4}% 29
\BOOKMARK [2][-]{subsection.4.3}{\376\377\000K\000a\000p\000l\000a\000n\000-\000M\000e\000i\000e\000r\000\040\000S\000u\000r\000v\000i\000v\000a\000l\000\040\000A\000n\000a\000l\000y\000s\000i\000s\000\040\000R\000e\000s\000u\000l\000t\000s}{section.4}% 30
\BOOKMARK [3][-]{subsubsection.4.3.1}{\376\377\000O\000v\000e\000r\000a\000l\000l\000\040\000S\000u\000r\000v\000i\000v\000a\000l}{subsection.4.3}% 31
\BOOKMARK [3][-]{subsubsection.4.3.2}{\376\377\000S\000t\000r\000a\000t\000i\000f\000i\000e\000d\000\040\000S\000u\000r\000v\000i\000v\000a\000l\000\040\000R\000e\000s\000u\000l\000t\000s}{subsection.4.3}% 32
\BOOKMARK [2][-]{subsection.4.4}{\376\377\000L\000o\000g\000-\000R\000a\000n\000k\000\040\000T\000e\000s\000t\000\040\000R\000e\000s\000u\000l\000t\000s}{section.4}% 33
\BOOKMARK [2][-]{subsection.4.5}{\376\377\000C\000o\000x\000\040\000R\000e\000g\000r\000e\000s\000s\000i\000o\000n\000\040\000R\000e\000s\000u\000l\000t\000s}{section.4}% 34
\BOOKMARK [2][-]{subsection.4.6}{\376\377\000B\000i\000v\000a\000r\000i\000a\000t\000e\000\040\000A\000n\000a\000l\000y\000s\000i\000s\000\040\000R\000e\000s\000u\000l\000t\000s}{section.4}% 35
\BOOKMARK [1][-]{section.5}{\376\377\000C\000o\000n\000c\000l\000u\000s\000i\000o\000n}{}% 36
\BOOKMARK [2][-]{subsection.5.1}{\376\377\000P\000r\000i\000m\000a\000r\000y\000\040\000F\000i\000n\000d\000i\000n\000g\000s}{section.5}% 37
\BOOKMARK [3][-]{subsubsection.5.1.1}{\376\377\000P\000r\000e\000d\000i\000c\000t\000o\000r\000\040\000I\000m\000p\000o\000r\000t\000a\000n\000c\000e}{subsection.5.1}% 38
\BOOKMARK [3][-]{subsubsection.5.1.2}{\376\377\000A\000g\000e\000\040\000a\000n\000d\000\040\000T\000e\000m\000p\000o\000r\000a\000l\000\040\000E\000f\000f\000e\000c\000t\000s}{subsection.5.1}% 39
\BOOKMARK [3][-]{subsubsection.5.1.3}{\376\377\000O\000v\000e\000r\000a\000l\000l\000\040\000S\000u\000r\000v\000i\000v\000a\000l\000\040\000O\000u\000t\000c\000o\000m\000e\000s}{subsection.5.1}% 40
\BOOKMARK [2][-]{subsection.5.2}{\376\377\000C\000l\000i\000n\000i\000c\000a\000l\000\040\000I\000m\000p\000l\000i\000c\000a\000t\000i\000o\000n\000s}{section.5}% 41
\BOOKMARK [3][-]{subsubsection.5.2.1}{\376\377\000F\000o\000r\000\040\000P\000r\000o\000g\000n\000o\000s\000t\000i\000c\000\040\000A\000s\000s\000e\000s\000s\000m\000e\000n\000t}{subsection.5.2}% 42
\BOOKMARK [3][-]{subsubsection.5.2.2}{\376\377\000F\000o\000r\000\040\000P\000a\000t\000i\000e\000n\000t\000\040\000C\000o\000u\000n\000s\000e\000l\000i\000n\000g}{subsection.5.2}% 43
\BOOKMARK [2][-]{subsection.5.3}{\376\377\000S\000t\000u\000d\000y\000\040\000L\000i\000m\000i\000t\000a\000t\000i\000o\000n\000s}{section.5}% 44
\BOOKMARK [2][-]{subsection.5.4}{\376\377\000S\000t\000a\000t\000i\000s\000t\000i\000c\000a\000l\000\040\000M\000e\000t\000h\000o\000d\000o\000l\000o\000g\000i\000c\000a\000l\000\040\000I\000n\000s\000i\000g\000h\000t\000s}{section.5}% 45
\BOOKMARK [3][-]{subsubsection.5.4.1}{\376\377\000K\000a\000p\000l\000a\000n\000-\000M\000e\000i\000e\000r\000\040\000E\000s\000t\000i\000m\000a\000t\000i\000o\000n}{subsection.5.4}% 46
\BOOKMARK [3][-]{subsubsection.5.4.2}{\376\377\000L\000o\000g\000-\000R\000a\000n\000k\000\040\000T\000e\000s\000t\000i\000n\000g}{subsection.5.4}% 47
\BOOKMARK [3][-]{subsubsection.5.4.3}{\376\377\000C\000o\000x\000\040\000R\000e\000g\000r\000e\000s\000s\000i\000o\000n}{subsection.5.4}% 48
\BOOKMARK [2][-]{subsection.5.5}{\376\377\000F\000u\000t\000u\000r\000e\000\040\000R\000e\000s\000e\000a\000r\000c\000h\000\040\000D\000i\000r\000e\000c\000t\000i\000o\000n\000s}{section.5}% 49
\BOOKMARK [2][-]{subsection.5.6}{\376\377\000F\000i\000n\000a\000l\000\040\000R\000e\000m\000a\000r\000k\000s}{section.5}% 50
\BOOKMARK [3][-]{subsubsection.5.6.1}{\376\377\000M\000e\000t\000h\000o\000d\000o\000l\000o\000g\000i\000c\000a\000l\000\040\000C\000o\000n\000t\000r\000i\000b\000u\000t\000i\000o\000n}{subsection.5.6}% 51
\BOOKMARK [3][-]{subsubsection.5.6.2}{\376\377\000C\000l\000i\000n\000i\000c\000a\000l\000\040\000I\000m\000p\000l\000i\000c\000a\000t\000i\000o\000n\000s}{subsection.5.6}% 52
\BOOKMARK [3][-]{subsubsection.5.6.3}{\376\377\000S\000u\000m\000m\000a\000r\000y}{subsection.5.6}% 53
\BOOKMARK [1][-]{section.6}{\376\377\000C\000o\000d\000e\000\040\000a\000n\000d\000\040\000D\000a\000t\000a\000\040\000A\000v\000a\000i\000l\000a\000b\000i\000l\000i\000t\000y}{}% 54
